<?xml version="1.0" encoding="UTF-8"?>
<testng-results skipped="0" failed="0" total="1" passed="1">
  <reporter-output>
  </reporter-output>
  <suite name="Default suite" duration-ms="65042" started-at="2016-06-11T14:35:39Z" finished-at="2016-06-11T14:36:44Z">
    <groups>
    </groups>
    <test name="Default test" duration-ms="65042" started-at="2016-06-11T14:35:39Z" finished-at="2016-06-11T14:36:44Z">
      <class name="lesson2.ExampleJS">
        <test-method status="PASS" signature="init()[pri:0, instance:lesson2.ExampleJS@1bce4f0a]" name="init" is-config="true" duration-ms="11402" started-at="2016-06-11T22:35:39Z" finished-at="2016-06-11T22:35:50Z">
          <reporter-output>
          </reporter-output>
        </test-method> <!-- init -->
        <test-method status="PASS" signature="test()[pri:0, instance:lesson2.ExampleJS@1bce4f0a]" name="test" duration-ms="53612" started-at="2016-06-11T22:35:50Z" finished-at="2016-06-11T22:36:44Z">
          <reporter-output>
          </reporter-output>
        </test-method> <!-- test -->
        <test-method status="PASS" signature="destory()[pri:0, instance:lesson2.ExampleJS@1bce4f0a]" name="destory" is-config="true" duration-ms="11" started-at="2016-06-11T22:36:44Z" finished-at="2016-06-11T22:36:44Z">
          <reporter-output>
          </reporter-output>
        </test-method> <!-- destory -->
      </class> <!-- lesson2.ExampleJS -->
    </test> <!-- Default test -->
  </suite> <!-- Default suite -->
</testng-results>
